<?xml version="1.0" encoding="UTF-8"?>
<testng-results skipped="0" failed="0" ignored="0" total="2" passed="2">
  <reporter-output>
  </reporter-output>
  <suite name="Suite" duration-ms="37982" started-at="2020-08-28T01:19:44Z" finished-at="2020-08-28T01:20:22Z">
    <groups>
    </groups>
    <test name="TestNG" duration-ms="37982" started-at="2020-08-28T01:19:44Z" finished-at="2020-08-28T01:20:22Z">
      <class name="testcases.CreateContactTest">
        <test-method status="PASS" signature="openApp()[pri:0, instance:testcases.CreateContactTest@604ed9f0]" name="openApp" is-config="true" duration-ms="11469" started-at="2020-08-28T01:19:44Z" finished-at="2020-08-28T01:19:55Z">
          <reporter-output>
          </reporter-output>
        </test-method> <!-- openApp -->
        <test-method status="PASS" signature="CreateContactTestCase()[pri:0, instance:testcases.CreateContactTest@604ed9f0]" name="CreateContactTestCase" duration-ms="10163" started-at="2020-08-28T01:19:55Z" finished-at="2020-08-28T01:20:05Z">
          <reporter-output>
          </reporter-output>
        </test-method> <!-- CreateContactTestCase -->
        <test-method status="PASS" signature="CloseApp()[pri:0, instance:testcases.CreateContactTest@604ed9f0]" name="CloseApp" is-config="true" duration-ms="591" started-at="2020-08-28T01:20:05Z" finished-at="2020-08-28T01:20:06Z">
          <reporter-output>
          </reporter-output>
        </test-method> <!-- CloseApp -->
      </class> <!-- testcases.CreateContactTest -->
      <class name="testcases.DeleteContactTest">
        <test-method status="PASS" signature="openApp()[pri:0, instance:testcases.DeleteContactTest@6a4f787b]" name="openApp" is-config="true" duration-ms="10962" started-at="2020-08-28T01:20:06Z" finished-at="2020-08-28T01:20:17Z">
          <reporter-output>
          </reporter-output>
        </test-method> <!-- openApp -->
        <test-method status="PASS" signature="DeleteContactTestCase()[pri:0, instance:testcases.DeleteContactTest@6a4f787b]" name="DeleteContactTestCase" duration-ms="4179" started-at="2020-08-28T01:20:17Z" finished-at="2020-08-28T01:20:21Z">
          <reporter-output>
          </reporter-output>
        </test-method> <!-- DeleteContactTestCase -->
        <test-method status="PASS" signature="CloseApp()[pri:0, instance:testcases.DeleteContactTest@6a4f787b]" name="CloseApp" is-config="true" duration-ms="597" started-at="2020-08-28T01:20:21Z" finished-at="2020-08-28T01:20:22Z">
          <reporter-output>
          </reporter-output>
        </test-method> <!-- CloseApp -->
      </class> <!-- testcases.DeleteContactTest -->
    </test> <!-- TestNG -->
  </suite> <!-- Suite -->
</testng-results>
